
> rezzerv-frontend@01.09.04 build
> node ./node_modules/vite/bin/vite.js build

[36mvite v5.4.21 [32mbuilding for production...[36m[39m
transforming...
[32m✓[39m 97 modules transformed.
rendering chunks...
computing gzip size...
[2mdist/[22m[32mindex.html                 [39m[1m[2m  4.02 kB[22m[1m[22m[2m │ gzip:   1.31 kB[22m
[2mdist/[22m[2massets/[22m[35mindex-0MT30Mfs.css  [39m[1m[2m 29.78 kB[22m[1m[22m[2m │ gzip:   6.05 kB[22m
[2mdist/[22m[2massets/[22m[36mindex-Bu4RPJEM.js   [39m[1m[33m517.07 kB[39m[22m[2m │ gzip: 204.43 kB[22m
[33m
(!) Some chunks are larger than 500 kB after minification. Consider:
- Using dynamic import() to code-split the application
- Use build.rollupOptions.output.manualChunks to improve chunking: https://rollupjs.org/configuration-options/#output-manualchunks
- Adjust chunk size limit for this warning via build.chunkSizeWarningLimit.[39m
[32m✓ built in 1.69s[39m

> rezzerv-frontend@01.09.04 dev
> node ./node_modules/vite/bin/vite.js --host 127.0.0.1 --port 5174


  [32m[1mVITE[22m v5.4.21[39m  [2mready in [0m[1m235[22m[2m[0m ms[22m

  [32m➜[39m  [1mLocal[22m:   [36mhttp://127.0.0.1:[1m5174[22m/[39m
