
> rezzerv-frontend@01.04.97 build
> vite build

node:internal/modules/esm/resolve:275
    throw new ERR_MODULE_NOT_FOUND(
          ^

Error [ERR_MODULE_NOT_FOUND]: Cannot find module '/tmp/rezz78/frontend/node_modules/dist/node/cli.js' imported from /tmp/rezz78/frontend/node_modules/.bin/vite
    at finalizeResolution (node:internal/modules/esm/resolve:275:11)
    at moduleResolve (node:internal/modules/esm/resolve:860:10)
    at defaultResolve (node:internal/modules/esm/resolve:984:11)
    at ModuleLoader.defaultResolve (node:internal/modules/esm/loader:780:12)
    at #cachedDefaultResolve (node:internal/modules/esm/loader:704:25)
    at ModuleLoader.resolve (node:internal/modules/esm/loader:687:38)
    at ModuleLoader.getModuleJobForImport (node:internal/modules/esm/loader:305:38)
    at onImport.tracePromise.__proto__ (node:internal/modules/esm/loader:643:36)
    at TracingChannel.tracePromise (node:diagnostics_channel:344:14)
    at ModuleLoader.import (node:internal/modules/esm/loader:642:21) {
  code: 'ERR_MODULE_NOT_FOUND',
  url: 'file:///tmp/rezz78/frontend/node_modules/dist/node/cli.js'
}

Node.js v22.16.0
[36mvite v5.4.21 [32mbuilding for production...[36m[39m
transforming...
[32m✓[39m 88 modules transformed.
rendering chunks...
computing gzip size...
[2mdist/[22m[32mindex.html                 [39m[1m[2m  7.61 kB[22m[1m[22m[2m │ gzip:   2.35 kB[22m
[2mdist/[22m[2massets/[22m[35mindex-DQuOfP3u.css  [39m[1m[2m 18.01 kB[22m[1m[22m[2m │ gzip:   3.82 kB[22m
[2mdist/[22m[2massets/[22m[36mindex-B2GMmu06.js   [39m[1m[2m413.07 kB[22m[1m[22m[2m │ gzip: 179.80 kB[22m
[32m✓ built in 5.22s[39m
