
> rezzerv-frontend@01.04.97 build
> vite build

node:internal/modules/esm/resolve:275
    throw new ERR_MODULE_NOT_FOUND(
          ^

Error [ERR_MODULE_NOT_FOUND]: Cannot find module '/tmp/rezz18/frontend/node_modules/dist/node/cli.js' imported from /tmp/rezz18/frontend/node_modules/.bin/vite
    at finalizeResolution (node:internal/modules/esm/resolve:275:11)
    at moduleResolve (node:internal/modules/esm/resolve:860:10)
    at defaultResolve (node:internal/modules/esm/resolve:984:11)
    at ModuleLoader.defaultResolve (node:internal/modules/esm/loader:780:12)
    at #cachedDefaultResolve (node:internal/modules/esm/loader:704:25)
    at ModuleLoader.resolve (node:internal/modules/esm/loader:687:38)
    at ModuleLoader.getModuleJobForImport (node:internal/modules/esm/loader:305:38)
    at onImport.tracePromise.__proto__ (node:internal/modules/esm/loader:643:36)
    at TracingChannel.tracePromise (node:diagnostics_channel:344:14)
    at ModuleLoader.import (node:internal/modules/esm/loader:642:21) {
  code: 'ERR_MODULE_NOT_FOUND',
  url: 'file:///tmp/rezz18/frontend/node_modules/dist/node/cli.js'
}

Node.js v22.16.0
